<?xml version="1.0" encoding="UTF-8"?>
<!-- Generated by org.testng.reporters.JUnitReportReporter -->
<testsuite hostname="DESKTOP-73AC014" failures="0" tests="1" name="com.tools.qa.testcases.ElementsPageTest" time="5.420" errors="0" timestamp="02 Mar 2024 10:00:27 GMT" skipped="0">
  <testcase classname="com.tools.qa.testcases.ElementsPageTest" name="verifyContactsPageLabel" time="5.420"/>
</testsuite> <!-- com.tools.qa.testcases.ElementsPageTest -->
