<?xml version="1.0" encoding="UTF-8"?>
<!-- Generated by org.testng.reporters.JUnitReportReporter -->
<testsuite hostname="DESKTOP-73AC014" failures="0" tests="1" name="com.tools.qa.pages.ElementsPage" time="16.889" errors="0" timestamp="10 Jan 2024 13:46:07 GMT" skipped="0">
  <testcase classname="com.tools.qa.pages.ElementsPage" name="verifyContactsPageLabel" time="16.889"/>
</testsuite> <!-- com.tools.qa.pages.ElementsPage -->
