<?xml version="1.0" encoding="UTF-8"?>
<!-- Generated by org.testng.reporters.JUnitReportReporter -->
<testsuite hostname="DESKTOP-73AC014" failures="0" tests="1" name="com.tool.qa.testcases.TestCase" time="0.011" errors="0" timestamp="2024-01-06T13:53:46 IST" skipped="0">
  <testcase classname="com.tool.qa.testcases.TestCase" name="verifyContactsPageLabel" time="0.011"/>
  <system-out/>
</testsuite> <!-- com.tool.qa.testcases.TestCase -->
